{"contracts\\Election.sol":{"l":{"22":12,"24":1,"26":11,"31":29,"33":2,"35":27,"40":39,"76":11,"77":11,"79":11,"84":14,"85":14,"87":1,"90":13,"92":13,"97":11,"99":1,"102":10,"104":10,"106":1,"109":9,"111":1,"114":8,"115":8,"116":8,"118":8,"120":5,"122":8,"124":8,"129":2,"134":5,"136":5,"138":1,"141":4,"143":1,"146":3,"148":3,"149":3,"151":3,"156":2,"158":1,"161":1,"162":1},"path":"D:\\Election\\contracts\\Election.sol","s":{"1":12,"2":29,"3":39,"4":11,"5":11,"6":11,"7":14,"8":14,"9":13,"10":11,"11":10,"12":10,"13":9,"14":8,"15":8,"16":8,"17":5,"18":8,"19":8,"20":2,"21":5,"22":5,"23":4,"24":3,"25":3,"26":3,"27":3,"28":2,"29":1,"30":1},"b":{"1":[1,11],"2":[2,27],"3":[1,13],"4":[1,10],"5":[1,9],"6":[1,8],"7":[5,3],"8":[1,4],"9":[1,3],"10":[1,1]},"f":{"1":12,"2":29,"3":39,"4":11,"5":14,"6":11,"7":2,"8":5,"9":2},"fnMap":{"1":{"name":"votingOpen","line":20,"loc":{"start":{"line":20,"column":4},"end":{"line":27,"column":4}}},"2":{"name":"onlyOwner","line":29,"loc":{"start":{"line":29,"column":4},"end":{"line":36,"column":4}}},"3":{"name":"constructor","line":38,"loc":{"start":{"line":38,"column":4},"end":{"line":41,"column":4}}},"4":{"name":"startBallot","line":73,"loc":{"start":{"line":73,"column":4},"end":{"line":80,"column":4}}},"5":{"name":"addCandidate","line":82,"loc":{"start":{"line":82,"column":4},"end":{"line":93,"column":4}}},"6":{"name":"vote","line":95,"loc":{"start":{"line":95,"column":4},"end":{"line":125,"column":4}}},"7":{"name":"getWinner","line":127,"loc":{"start":{"line":127,"column":4},"end":{"line":130,"column":4}}},"8":{"name":"finish","line":132,"loc":{"start":{"line":132,"column":4},"end":{"line":152,"column":4}}},"9":{"name":"Withdrawal","line":154,"loc":{"start":{"line":154,"column":4},"end":{"line":163,"column":4}}}},"statementMap":{"1":{"start":{"line":22,"column":8},"end":{"line":22,"column":651}},"2":{"start":{"line":31,"column":8},"end":{"line":31,"column":851}},"3":{"start":{"line":40,"column":8},"end":{"line":40,"column":25}},"4":{"start":{"line":76,"column":8},"end":{"line":76,"column":76}},"5":{"start":{"line":77,"column":8},"end":{"line":77,"column":51}},"6":{"start":{"line":79,"column":8},"end":{"line":79,"column":19}},"7":{"start":{"line":84,"column":8},"end":{"line":84,"column":58}},"8":{"start":{"line":85,"column":8},"end":{"line":85,"column":1992}},"9":{"start":{"line":92,"column":8},"end":{"line":92,"column":19}},"10":{"start":{"line":97,"column":8},"end":{"line":97,"column":2335}},"11":{"start":{"line":102,"column":8},"end":{"line":102,"column":58}},"12":{"start":{"line":104,"column":8},"end":{"line":104,"column":2517}},"13":{"start":{"line":109,"column":8},"end":{"line":109,"column":2643}},"14":{"start":{"line":114,"column":8},"end":{"line":114,"column":50}},"15":{"start":{"line":116,"column":8},"end":{"line":116,"column":55}},"16":{"start":{"line":118,"column":8},"end":{"line":118,"column":2948}},"17":{"start":{"line":120,"column":12},"end":{"line":120,"column":51}},"18":{"start":{"line":122,"column":8},"end":{"line":122,"column":40}},"19":{"start":{"line":124,"column":8},"end":{"line":124,"column":19}},"20":{"start":{"line":129,"column":8},"end":{"line":129,"column":63}},"21":{"start":{"line":134,"column":8},"end":{"line":134,"column":58}},"22":{"start":{"line":136,"column":8},"end":{"line":136,"column":3534}},"23":{"start":{"line":141,"column":8},"end":{"line":141,"column":3667}},"24":{"start":{"line":146,"column":8},"end":{"line":146,"column":41}},"25":{"start":{"line":148,"column":8},"end":{"line":148,"column":97}},"26":{"start":{"line":149,"column":8},"end":{"line":149,"column":82}},"27":{"start":{"line":151,"column":8},"end":{"line":151,"column":19}},"28":{"start":{"line":156,"column":8},"end":{"line":156,"column":4171}},"29":{"start":{"line":161,"column":8},"end":{"line":161,"column":70}},"30":{"start":{"line":162,"column":8},"end":{"line":162,"column":19}}},"branchMap":{"1":{"line":22,"type":"if","locations":[{"start":{"line":22,"column":8},"end":{"line":22,"column":8}},{"start":{"line":22,"column":8},"end":{"line":22,"column":8}}]},"2":{"line":31,"type":"if","locations":[{"start":{"line":31,"column":8},"end":{"line":31,"column":8}},{"start":{"line":31,"column":8},"end":{"line":31,"column":8}}]},"3":{"line":85,"type":"if","locations":[{"start":{"line":85,"column":8},"end":{"line":85,"column":8}},{"start":{"line":85,"column":8},"end":{"line":85,"column":8}}]},"4":{"line":97,"type":"if","locations":[{"start":{"line":97,"column":8},"end":{"line":97,"column":8}},{"start":{"line":97,"column":8},"end":{"line":97,"column":8}}]},"5":{"line":104,"type":"if","locations":[{"start":{"line":104,"column":8},"end":{"line":104,"column":8}},{"start":{"line":104,"column":8},"end":{"line":104,"column":8}}]},"6":{"line":109,"type":"if","locations":[{"start":{"line":109,"column":8},"end":{"line":109,"column":8}},{"start":{"line":109,"column":8},"end":{"line":109,"column":8}}]},"7":{"line":118,"type":"if","locations":[{"start":{"line":118,"column":8},"end":{"line":118,"column":8}},{"start":{"line":118,"column":8},"end":{"line":118,"column":8}}]},"8":{"line":136,"type":"if","locations":[{"start":{"line":136,"column":8},"end":{"line":136,"column":8}},{"start":{"line":136,"column":8},"end":{"line":136,"column":8}}]},"9":{"line":141,"type":"if","locations":[{"start":{"line":141,"column":8},"end":{"line":141,"column":8}},{"start":{"line":141,"column":8},"end":{"line":141,"column":8}}]},"10":{"line":156,"type":"if","locations":[{"start":{"line":156,"column":8},"end":{"line":156,"column":8}},{"start":{"line":156,"column":8},"end":{"line":156,"column":8}}]}}},"contracts\\Greeter.sol":{"l":{"10":3,"11":3,"15":2,"19":1,"20":1},"path":"D:\\Election\\contracts\\Greeter.sol","s":{"1":3,"2":3,"3":2,"4":1,"5":1},"b":{},"f":{"1":3,"2":2,"3":1},"fnMap":{"1":{"name":"constructor","line":9,"loc":{"start":{"line":9,"column":4},"end":{"line":12,"column":4}}},"2":{"name":"greet","line":14,"loc":{"start":{"line":14,"column":4},"end":{"line":16,"column":4}}},"3":{"name":"setGreeting","line":18,"loc":{"start":{"line":18,"column":4},"end":{"line":21,"column":4}}}},"statementMap":{"1":{"start":{"line":10,"column":8},"end":{"line":10,"column":67}},"2":{"start":{"line":11,"column":8},"end":{"line":11,"column":27}},"3":{"start":{"line":15,"column":8},"end":{"line":15,"column":23}},"4":{"start":{"line":19,"column":8},"end":{"line":19,"column":78}},"5":{"start":{"line":20,"column":8},"end":{"line":20,"column":27}}},"branchMap":{}}}